[    0.000000] Linux version 4.15.0-70-generic (buildd@lgw01-amd64-055) (gcc version 7.4.0 (Ubuntu 7.4.0-1ubuntu1~18.04.1)) #79-Ubuntu SMP Tue Nov 12 10:36:11 UTC 2019 (Ubuntu 4.15.0-70.79-generic 4.15.18)
[    0.000000] Command line: BOOT_IMAGE=/boot/vmlinuz-4.15.0-70-generic root=LABEL=cloudimg-rootfs ro console=tty1 console=ttyS0
[    0.000000] KERNEL supported cpus:
[    0.000000]   Intel GenuineIntel
[    0.000000]   AMD AuthenticAMD
[    0.000000]   Centaur CentaurHauls
[    0.000000] x86/fpu: Supporting XSAVE feature 0x001: 'x87 floating point registers'
[    0.000000] x86/fpu: Supporting XSAVE feature 0x002: 'SSE registers'
[    0.000000] x86/fpu: Supporting XSAVE feature 0x004: 'AVX registers'
[    0.000000] x86/fpu: xstate_offset[2]:  576, xstate_sizes[2]:  256
[    0.000000] x86/fpu: Enabled xstate features 0x7, context size is 832 bytes, using 'standard' format.
[    0.000000] e820: BIOS-provided physical RAM map:
[    0.000000] BIOS-e820: [mem 0x0000000000000000-0x000000000009fbff] usable
[    0.000000] BIOS-e820: [mem 0x000000000009fc00-0x000000000009ffff] reserved
[    0.000000] BIOS-e820: [mem 0x00000000000f0000-0x00000000000fffff] reserved
[    0.000000] BIOS-e820: [mem 0x0000000000100000-0x000000007ffeffff] usable
[    0.000000] BIOS-e820: [mem 0x000000007fff0000-0x000000007fffffff] ACPI data
[    0.000000] BIOS-e820: [mem 0x00000000fec00000-0x00000000fec00fff] reserved
[    0.000000] BIOS-e820: [mem 0x00000000fee00000-0x00000000fee00fff] reserved
[    0.000000] BIOS-e820: [mem 0x00000000fffc0000-0x00000000ffffffff] reserved
[    0.000000] NX (Execute Disable) protection: active
[    0.000000] SMBIOS 2.5 present.
[    0.000000] DMI: innotek GmbH VirtualBox/VirtualBox, BIOS VirtualBox 12/01/2006
[    0.000000] Hypervisor detected: KVM
[    0.000000] e820: last_pfn = 0x7fff0 max_arch_pfn = 0x400000000
[    0.000000] MTRR: Disabled
[    0.000000] x86/PAT: MTRRs disabled, skipping PAT initialization too.
[    0.000000] CPU MTRRs all blank - virtualized system.
[    0.000000] x86/PAT: Configuration [0-7]: WB  WT  UC- UC  WB  WT  UC- UC  
[    0.000000] found SMP MP-table at [mem 0x0009fff0-0x0009ffff]
[    0.000000] Scanning 1 areas for low memory corruption
[    0.000000] RAMDISK: [mem 0x35981000-0x36cb7fff]
[    0.000000] ACPI: Early table checksum verification disabled
[    0.000000] ACPI: RSDP 0x00000000000E0000 000024 (v02 VBOX  )
[    0.000000] ACPI: XSDT 0x000000007FFF0030 00003C (v01 VBOX   VBOXXSDT 00000001 ASL  00000061)
[    0.000000] ACPI: FACP 0x000000007FFF00F0 0000F4 (v04 VBOX   VBOXFACP 00000001 ASL  00000061)
[    0.000000] ACPI: DSDT 0x000000007FFF0470 0022EA (v02 VBOX   VBOXBIOS 00000002 INTL 20100528)
[    0.000000] ACPI: FACS 0x000000007FFF0200 000040
[    0.000000] ACPI: FACS 0x000000007FFF0200 000040
[    0.000000] ACPI: APIC 0x000000007FFF0240 00005C (v02 VBOX   VBOXAPIC 00000001 ASL  00000061)
[    0.000000] ACPI: SSDT 0x000000007FFF02A0 0001CC (v01 VBOX   VBOXCPUT 00000002 INTL 20100528)
[    0.000000] No NUMA configuration found
[    0.000000] Faking a node at [mem 0x0000000000000000-0x000000007ffeffff]
[    0.000000] NODE_DATA(0) allocated [mem 0x7ffc5000-0x7ffeffff]
[    0.000000] kvm-clock: cpu 0, msr 0:7ff44001, primary cpu clock
[    0.000000] kvm-clock: Using msrs 4b564d01 and 4b564d00
[    0.000000] kvm-clock: using sched offset of 3747715896 cycles
[    0.000000] clocksource: kvm-clock: mask: 0xffffffffffffffff max_cycles: 0x1cd42e4dffb, max_idle_ns: 881590591483 ns
[    0.000000] Zone ranges:
[    0.000000]   DMA      [mem 0x0000000000001000-0x0000000000ffffff]
[    0.000000]   DMA32    [mem 0x0000000001000000-0x000000007ffeffff]
[    0.000000]   Normal   empty
[    0.000000]   Device   empty
[    0.000000] Movable zone start for each node
[    0.000000] Early memory node ranges
[    0.000000]   node   0: [mem 0x0000000000001000-0x000000000009efff]
[    0.000000]   node   0: [mem 0x0000000000100000-0x000000007ffeffff]
[    0.000000] Reserved but unavailable: 98 pages
[    0.000000] Initmem setup node 0 [mem 0x0000000000001000-0x000000007ffeffff]
[    0.000000] ACPI: PM-Timer IO Port: 0x4008
[    0.000000] IOAPIC[0]: apic_id 2, version 32, address 0xfec00000, GSI 0-23
[    0.000000] ACPI: INT_SRC_OVR (bus 0 bus_irq 0 global_irq 2 dfl dfl)
[    0.000000] ACPI: INT_SRC_OVR (bus 0 bus_irq 9 global_irq 9 low level)
[    0.000000] Using ACPI (MADT) for SMP configuration information
[    0.000000] smpboot: Allowing 2 CPUs, 0 hotplug CPUs
[    0.000000] PM: Registered nosave memory: [mem 0x00000000-0x00000fff]
[    0.000000] PM: Registered nosave memory: [mem 0x0009f000-0x0009ffff]
[    0.000000] PM: Registered nosave memory: [mem 0x000a0000-0x000effff]
[    0.000000] PM: Registered nosave memory: [mem 0x000f0000-0x000fffff]
[    0.000000] e820: [mem 0x80000000-0xfebfffff] available for PCI devices
[    0.000000] Booting paravirtualized kernel on KVM
[    0.000000] clocksource: refined-jiffies: mask: 0xffffffff max_cycles: 0xffffffff, max_idle_ns: 7645519600211568 ns
[    0.000000] random: get_random_bytes called from start_kernel+0x99/0x4fd with crng_init=0
[    0.000000] setup_percpu: NR_CPUS:8192 nr_cpumask_bits:2 nr_cpu_ids:2 nr_node_ids:1
[    0.000000] percpu: Embedded 45 pages/cpu s147456 r8192 d28672 u1048576
[    0.000000] PV qspinlock hash table entries: 256 (order: 0, 4096 bytes)
[    0.000000] Built 1 zonelists, mobility grouping on.  Total pages: 515961
[    0.000000] Policy zone: DMA32
[    0.000000] Kernel command line: BOOT_IMAGE=/boot/vmlinuz-4.15.0-70-generic root=LABEL=cloudimg-rootfs ro console=tty1 console=ttyS0
[    0.000000] Memory: 2015104K/2096696K available (12300K kernel code, 2481K rwdata, 4264K rodata, 2432K init, 2388K bss, 81592K reserved, 0K cma-reserved)
[    0.000000] SLUB: HWalign=64, Order=0-3, MinObjects=0, CPUs=2, Nodes=1
[    0.000000] Kernel/User page tables isolation: enabled
[    0.000000] ftrace: allocating 39315 entries in 154 pages
[    0.004000] Hierarchical RCU implementation.
[    0.004000] 	RCU restricting CPUs from NR_CPUS=8192 to nr_cpu_ids=2.
[    0.004000] 	Tasks RCU enabled.
[    0.004000] RCU: Adjusting geometry for rcu_fanout_leaf=16, nr_cpu_ids=2
[    0.004000] NR_IRQS: 524544, nr_irqs: 440, preallocated irqs: 16
[    0.004000] Console: colour VGA+ 80x25
[    0.004000] console [tty1] enabled
[    0.004000] console [ttyS0] enabled
[    0.004000] ACPI: Core revision 20170831
[    0.004000] ACPI: 2 ACPI AML tables successfully acquired and loaded
[    0.004000] APIC: Switch to symmetric I/O mode setup
[    0.004000] x2apic enabled
[    0.004000] Switched APIC routing to physical x2apic.
[    0.004000] ..TIMER: vector=0x30 apic1=0 pin1=2 apic2=-1 pin2=-1
[    0.004003] tsc: Detected 3408.002 MHz processor
[    0.004889] Calibrating delay loop (skipped) preset value.. 6816.00 BogoMIPS (lpj=13632008)
[    0.008001] pid_max: default: 32768 minimum: 301
[    0.008923] Security Framework initialized
[    0.009769] Yama: becoming mindful.
[    0.010494] AppArmor: AppArmor initialized
[    0.012000] Dentry cache hash table entries: 262144 (order: 9, 2097152 bytes)
[    0.012656] Inode-cache hash table entries: 131072 (order: 8, 1048576 bytes)
[    0.013907] Mount-cache hash table entries: 4096 (order: 3, 32768 bytes)
[    0.016004] Mountpoint-cache hash table entries: 4096 (order: 3, 32768 bytes)
[    0.017639] Last level iTLB entries: 4KB 128, 2MB 8, 4MB 8
[    0.018743] Last level dTLB entries: 4KB 64, 2MB 0, 4MB 0, 1GB 4
[    0.020002] Spectre V1 : Mitigation: usercopy/swapgs barriers and __user pointer sanitization
[    0.021594] Spectre V2 : Mitigation: Full generic retpoline
[    0.022697] Spectre V2 : Spectre v2 / SpectreRSB mitigation: Filling RSB on context switch
[    0.024001] Speculative Store Bypass: Vulnerable
[    0.024921] MDS: Mitigation: Clear CPU buffers
[    0.025951] Freeing SMP alternatives memory: 36K
[    0.137059] smpboot: CPU0: Intel(R) Core(TM) i5-7500 CPU @ 3.40GHz (family: 0x6, model: 0x9e, stepping: 0x9)
[    0.138994] Performance Events: unsupported p6 CPU model 158 no PMU driver, software events only.
[    0.140000] Hierarchical SRCU implementation.
[    0.140472] NMI watchdog: Perf event create on CPU 0 failed with -2
[    0.141618] NMI watchdog: Perf NMI watchdog permanently disabled
[    0.142771] smp: Bringing up secondary CPUs ...
[    0.144060] x86: Booting SMP configuration:
[    0.144925] .... node  #0, CPUs:      #1
[    0.004000] kvm-clock: cpu 1, msr 0:7ff44041, secondary cpu clock
[    0.148014] smp: Brought up 1 node, 2 CPUs
[    0.148954] smpboot: Max logical packages: 1
[    0.149791] smpboot: Total of 2 processors activated (13632.00 BogoMIPS)
[    0.152116] devtmpfs: initialized
[    0.152778] x86/mm: Memory block size: 128MB
[    0.153811] evm: security.selinux
[    0.154516] evm: security.SMACK64
[    0.156002] evm: security.SMACK64EXEC
[    0.156734] evm: security.SMACK64TRANSMUTE
[    0.157602] evm: security.SMACK64MMAP
[    0.158388] evm: security.apparmor
[    0.159367] evm: security.ima
[    0.160002] evm: security.capability
[    0.160782] clocksource: jiffies: mask: 0xffffffff max_cycles: 0xffffffff, max_idle_ns: 7645041785100000 ns
[    0.161829] futex hash table entries: 512 (order: 3, 32768 bytes)
[    0.164054] pinctrl core: initialized pinctrl subsystem
[    0.165140] RTC time: 13:54:30, date: 11/21/19
[    0.166375] NET: Registered protocol family 16
[    0.167403] audit: initializing netlink subsys (disabled)
[    0.168023] audit: type=2000 audit(1574344474.864:1): state=initialized audit_enabled=0 res=1
[    0.168109] cpuidle: using governor ladder
[    0.168814] cpuidle: using governor menu
[    0.172041] ACPI: bus type PCI registered
[    0.172901] acpiphp: ACPI Hot Plug PCI Controller Driver version: 0.5
[    0.174196] PCI: Using configuration type 1 for base access
[    0.176875] HugeTLB registered 2.00 MiB page size, pre-allocated 0 pages
[    0.177278] ACPI: Added _OSI(Module Device)
[    0.180006] ACPI: Added _OSI(Processor Device)
[    0.180876] ACPI: Added _OSI(3.0 _SCP Extensions)
[    0.181819] ACPI: Added _OSI(Processor Aggregator Device)
[    0.182989] ACPI: Added _OSI(Linux-Dell-Video)
[    0.184003] ACPI: Added _OSI(Linux-Lenovo-NV-HDMI-Audio)
[    0.185074] ACPI: Added _OSI(Linux-HPI-Hybrid-Graphics)
[    0.186560] ACPI: Executed 1 blocks of module-level executable AML code
[    0.191529] ACPI: Interpreter enabled
[    0.192013] ACPI: (supports S0 S5)
[    0.192783] ACPI: Using IOAPIC for interrupt routing
[    0.194046] PCI: Using host bridge windows from ACPI; if necessary, use "pci=nocrs" and report a bug
[    0.196168] ACPI: Enabled 2 GPEs in block 00 to 07
[    0.204535] ACPI: PCI Root Bridge [PCI0] (domain 0000 [bus 00-ff])
[    0.205675] acpi PNP0A03:00: _OSC: OS supports [ASPM ClockPM Segments MSI]
[    0.207526] acpi PNP0A03:00: _OSC: not requesting OS control; OS requires [ExtendedConfig ASPM ClockPM MSI]
[    0.208009] acpi PNP0A03:00: fail to add MMCONFIG information, can't access extended PCI configuration space under this bridge.
[    0.212055] PCI host bridge to bus 0000:00
[    0.212891] pci_bus 0000:00: root bus resource [io  0x0000-0x0cf7 window]
[    0.214086] pci_bus 0000:00: root bus resource [io  0x0d00-0xffff window]
[    0.215218] pci_bus 0000:00: root bus resource [mem 0x000a0000-0x000bffff window]
[    0.216004] pci_bus 0000:00: root bus resource [mem 0x80000000-0xfdffffff window]
[    0.217499] pci_bus 0000:00: root bus resource [bus 00-ff]
[    0.221325] pci 0000:00:01.1: legacy IDE quirk: reg 0x10: [io  0x01f0-0x01f7]
[    0.222656] pci 0000:00:01.1: legacy IDE quirk: reg 0x14: [io  0x03f6]
[    0.223859] pci 0000:00:01.1: legacy IDE quirk: reg 0x18: [io  0x0170-0x0177]
[    0.224002] pci 0000:00:01.1: legacy IDE quirk: reg 0x1c: [io  0x0376]
[    0.246267] pci 0000:00:07.0: quirk: [io  0x4000-0x403f] claimed by PIIX4 ACPI
[    0.247684] pci 0000:00:07.0: quirk: [io  0x4100-0x410f] claimed by PIIX4 SMB
[    0.256948] ACPI: PCI Interrupt Link [LNKA] (IRQs 5 9 10 *11)
[    0.258444] ACPI: PCI Interrupt Link [LNKB] (IRQs 5 9 *10 11)
[    0.259638] ACPI: PCI Interrupt Link [LNKC] (IRQs 5 *9 10 11)
[    0.260112] ACPI: PCI Interrupt Link [LNKD] (IRQs 5 9 10 *11)
[    0.261521] SCSI subsystem initialized
[    0.262333] pci 0000:00:02.0: vgaarb: setting as boot VGA device
[    0.262333] pci 0000:00:02.0: vgaarb: VGA device added: decodes=io+mem,owns=io+mem,locks=none
[    0.264007] pci 0000:00:02.0: vgaarb: bridge control possible
[    0.265180] vgaarb: loaded
[    0.265842] ACPI: bus type USB registered
[    0.268021] usbcore: registered new interface driver usbfs
[    0.269150] usbcore: registered new interface driver hub
[    0.270296] usbcore: registered new device driver usb
[    0.272054] EDAC MC: Ver: 3.0.0
[    0.272895] PCI: Using ACPI for IRQ routing
[    0.273327] NetLabel: Initializing
[    0.274025] NetLabel:  domain hash size = 128
[    0.274873] NetLabel:  protocols = UNLABELED CIPSOv4 CALIPSO
[    0.276016] NetLabel:  unlabeled traffic allowed by default
[    0.277095] clocksource: Switched to clocksource kvm-clock
[    0.286782] VFS: Disk quotas dquot_6.6.0
[    0.287675] VFS: Dquot-cache hash table entries: 512 (order 0, 4096 bytes)
[    0.289034] AppArmor: AppArmor Filesystem Enabled
[    0.289956] pnp: PnP ACPI init
[    0.291595] pnp: PnP ACPI: found 3 devices
[    0.301291] clocksource: acpi_pm: mask: 0xffffff max_cycles: 0xffffff, max_idle_ns: 2085701024 ns
[    0.303022] NET: Registered protocol family 2
[    0.304053] TCP established hash table entries: 16384 (order: 5, 131072 bytes)
[    0.305495] TCP bind hash table entries: 16384 (order: 6, 262144 bytes)
[    0.306724] TCP: Hash tables configured (established 16384 bind 16384)
[    0.308537] UDP hash table entries: 1024 (order: 3, 32768 bytes)
[    0.309663] UDP-Lite hash table entries: 1024 (order: 3, 32768 bytes)
[    0.310856] NET: Registered protocol family 1
[    0.311790] pci 0000:00:00.0: Limiting direct PCI/PCI transfers
[    0.312957] pci 0000:00:01.0: Activating ISA DMA hang workarounds
[    0.314122] pci 0000:00:02.0: Video device with shadowed ROM at [mem 0x000c0000-0x000dffff]
[    0.316229] Unpacking initramfs...
[    0.549399] Freeing initrd memory: 19676K
[    0.550319] clocksource: tsc: mask: 0xffffffffffffffff max_cycles: 0x311fd628962, max_idle_ns: 440795345332 ns
[    0.552573] platform rtc_cmos: registered platform RTC device (no PNP device found)
[    0.553948] Scanning for low memory corruption every 60 seconds
[    0.555645] Initialise system trusted keyrings
[    0.556675] Key type blacklist registered
[    0.557589] workingset: timestamp_bits=36 max_order=19 bucket_order=0
[    0.560362] zbud: loaded
[    0.561526] squashfs: version 4.0 (2009/01/31) Phillip Lougher
[    0.562897] fuse init (API version 7.26)
[    0.566318] Key type asymmetric registered
[    0.567141] Asymmetric key parser 'x509' registered
[    0.568096] Block layer SCSI generic (bsg) driver version 0.4 loaded (major 246)
[    0.569741] io scheduler noop registered
[    0.570536] io scheduler deadline registered
[    0.571451] io scheduler cfq registered (default)
[    0.572693] ACPI: AC Adapter [AC] (on-line)
[    0.573551] input: Power Button as /devices/LNXSYSTM:00/LNXPWRBN:00/input/input0
[    0.575056] ACPI: Power Button [PWRF]
[    0.575852] input: Sleep Button as /devices/LNXSYSTM:00/LNXSLPBN:00/input/input1
[    0.577369] ACPI: Sleep Button [SLPF]
[    0.578592] Serial: 8250/16550 driver, 32 ports, IRQ sharing enabled
[    0.600557] 00:02: ttyS0 at I/O 0x3f8 (irq = 4, base_baud = 115200) is a 16550A
[    0.607095] Linux agpgart interface v0.103
[    0.609442] loop: module loaded
[    0.610755] scsi host0: ata_piix
[    0.611720] scsi host1: ata_piix
[    0.612621] ata1: PATA max UDMA/33 cmd 0x1f0 ctl 0x3f6 bmdma 0xd000 irq 14
[    0.613932] ata2: PATA max UDMA/33 cmd 0x170 ctl 0x376 bmdma 0xd008 irq 15
[    0.615884] libphy: Fixed MDIO Bus: probed
[    0.616865] tun: Universal TUN/TAP device driver, 1.6
[    0.618225] PPP generic driver version 2.4.2
[    0.619322] ehci_hcd: USB 2.0 'Enhanced' Host Controller (EHCI) Driver
[    0.620586] ehci-pci: EHCI PCI platform driver
[    0.621565] ehci-platform: EHCI generic platform driver
[    0.622589] ohci_hcd: USB 1.1 'Open' Host Controller (OHCI) Driver
[    0.623749] ohci-pci: OHCI PCI platform driver
[    0.624779] ohci-platform: OHCI generic platform driver
[    0.625855] uhci_hcd: USB Universal Host Controller Interface driver
[    0.627159] i8042: PNP: PS/2 Controller [PNP0303:PS2K,PNP0f03:PS2M] at 0x60,0x64 irq 1,12
[    0.629458] serio: i8042 KBD port at 0x60,0x64 irq 1
[    0.630561] serio: i8042 AUX port at 0x60,0x64 irq 12
[    0.632340] mousedev: PS/2 mouse device common for all mice
[    0.634195] rtc_cmos rtc_cmos: rtc core: registered rtc_cmos as rtc0
[    0.635544] rtc_cmos rtc_cmos: alarms up to one day, 114 bytes nvram
[    0.636798] i2c /dev entries driver
[    0.637533] input: AT Translated Set 2 keyboard as /devices/platform/i8042/serio0/input/input2
[    0.639224] device-mapper: uevent: version 1.0.3
[    0.640372] device-mapper: ioctl: 4.37.0-ioctl (2017-09-20) initialised: dm-devel@redhat.com
[    0.642111] ledtrig-cpu: registered to indicate activity on CPUs
[    0.644103] NET: Registered protocol family 10
[    0.648814] Segment Routing with IPv6
[    0.649665] NET: Registered protocol family 17
[    0.650634] Key type dns_resolver registered
[    0.651795] mce: Using 0 MCE banks
[    0.652652] RAS: Correctable Errors collector initialized.
[    0.653914] sched_clock: Marking stable (652632928, 0)->(829234059, -176601131)
[    0.655970] registered taskstats version 1
[    0.656804] Loading compiled-in X.509 certificates
[    0.660067] Loaded X.509 cert 'Build time autogenerated kernel key: 1859b0531897959199376c446a0bd70df75fd1fc'
[    0.661926] zswap: loaded using pool lzo/zbud
[    0.666186] Key type big_key registered
[    0.666975] Key type trusted registered
[    0.669435] Key type encrypted registered
[    0.670230] AppArmor: AppArmor sha1 policy hashing enabled
[    0.671224] ima: No TPM chip found, activating TPM-bypass! (rc=-19)
[    0.672642] ima: Allocated hash algorithm: sha1
[    0.673559] evm: HMAC attrs: 0x1
[    0.674417]   Magic number: 11:877:938
[    0.675285] rtc_cmos rtc_cmos: setting system clock to 2019-11-21 13:54:30 UTC (1574344470)
[    0.677082] BIOS EDD facility v0.16 2004-Jun-25, 0 devices found
[    0.678312] EDD information not available.
[    0.777956] Freeing unused kernel image memory: 2432K
[    0.788758] Write protecting the kernel read-only data: 20480k
[    0.792594] Freeing unused kernel image memory: 2008K
[    0.795422] Freeing unused kernel image memory: 1880K
[    0.811094] x86/mm: Checked W+X mappings: passed, no W+X pages found.
[    0.812652] x86/mm: Checking user space page tables
[    0.822259] x86/mm: Checked W+X mappings: passed, no W+X pages found.
Loading, please wait...
starting version 237
[    0.883451] e1000: Intel(R) PRO/1000 Network Driver - version 7.3.21-k8-NAPI
[    0.884874] e1000: Copyright (c) 1999-2006 Intel Corporation.
[    0.887533] Fusion MPT base driver 3.04.20
[    0.888607] Copyright (c) 1999-2008 LSI Corporation
[    0.910212] AVX2 version of gcm_enc/dec engaged.
[    0.911200] AES CTR mode by8 optimization enabled
[    0.914389] Fusion MPT SPI Host driver 3.04.20
[    1.108706] input: ImExPS/2 Generic Explorer Mouse as /devices/platform/i8042/serio1/input/input4
[    1.579495] e1000 0000:00:03.0 eth0: (PCI:33MHz:32-bit) 02:00:53:70:0f:50
[    1.580769] e1000 0000:00:03.0 eth0: Intel(R) PRO/1000 Network Connection
[    1.583129] mptbase: ioc0: Initiating bringup
[    1.584666] e1000 0000:00:03.0 enp0s3: renamed from eth0
[    2.096024] ioc0: LSI53C1030 A0: Capabilities={Initiator}
[    4.035929] scsi host2: ioc0: LSI53C1030 A0, FwRev=00000000h, Ports=1, MaxQ=256, IRQ=20
[    4.559177] scsi 2:0:0:0: Direct-Access     VBOX     HARDDISK         1.0  PQ: 0 ANSI: 5
[    4.592240] scsi target2:0:0: Beginning Domain Validation
[    4.597533] scsi target2:0:0: Domain Validation skipping write tests
[    4.599702] scsi target2:0:0: Ending Domain Validation
[    4.600929] scsi target2:0:0: asynchronous
[    4.602866] scsi 2:0:1:0: Direct-Access     VBOX     HARDDISK         1.0  PQ: 0 ANSI: 5
[    4.632040] scsi target2:0:1: Beginning Domain Validation
[    4.635883] random: fast init done
[    4.637118] scsi target2:0:1: Domain Validation skipping write tests
[    4.638335] scsi target2:0:1: Ending Domain Validation
[    4.639472] scsi target2:0:1: asynchronous
[    4.646379] random: systemd-udevd: uninitialized urandom read (16 bytes read)
[    4.646437] sd 2:0:0:0: Attached scsi generic sg0 type 0
[    4.647745] random: systemd-udevd: uninitialized urandom read (16 bytes read)
[    4.649293] sd 2:0:1:0: Attached scsi generic sg1 type 0
[    4.650493] random: systemd-udevd: uninitialized urandom read (16 bytes read)
[    4.653220] sd 2:0:0:0: [sda] 20971520 512-byte logical blocks: (10.7 GB/10.0 GiB)
[    4.653259] sd 2:0:1:0: [sdb] 20480 512-byte logical blocks: (10.5 MB/10.0 MiB)
[    4.654783] sd 2:0:0:0: [sda] Write Protect is off
[    4.657202] sd 2:0:1:0: [sdb] Write Protect is off
[    4.657289] sd 2:0:0:0: [sda] Incomplete mode parameter data
[    4.659245] sd 2:0:0:0: [sda] Assuming drive cache: write through
[    4.660784] sd 2:0:1:0: [sdb] Incomplete mode parameter data
[    4.661974] sd 2:0:1:0: [sdb] Assuming drive cache: write through
[    4.675601]  sda: sda1
[    4.678349] sd 2:0:0:0: [sda] Attached SCSI disk
[    4.693622] sd 2:0:1:0: [sdb] Attached SCSI disk
Begin: Loading essential drivers ... [    6.292016] raid6: sse2x1   gen() 12749 MB/s
[    6.340784] raid6: sse2x1   xor()  9455 MB/s
[    6.388621] raid6: sse2x2   gen() 15902 MB/s
[    6.436445] raid6: sse2x2   xor() 10401 MB/s
[    6.484267] raid6: sse2x4   gen() 18230 MB/s
[    6.532058] raid6: sse2x4   xor() 11106 MB/s
[    6.580013] raid6: avx2x1   gen() 25475 MB/s
[    6.628735] raid6: avx2x1   xor() 18155 MB/s
[    6.676533] raid6: avx2x2   gen() 31612 MB/s
[    6.724368] raid6: avx2x2   xor() 19519 MB/s
[    6.772181] raid6: avx2x4   gen() 35689 MB/s
[    6.820011] raid6: avx2x4   xor() 21932 MB/s
[    6.820838] raid6: using algorithm avx2x4 gen() 35689 MB/s
[    6.821915] raid6: .... xor() 21932 MB/s, rmw enabled
[    6.822924] raid6: using avx2x2 recovery algorithm
[    6.824962] xor: automatically using best checksumming function   avx       
[    6.827231] async_tx: api initialized (async)
done.
Begin: Running /scripts/init-premount ... done.
Begin: Mounting root file system ... Begin: Running /scripts/local-top ... done.
Begin: Running /scripts/local-premount ... [    6.866202] Btrfs loaded, crc32c=crc32c-intel
Scanning for Btrfs filesystems
done.
Warning: fsck not present, so skipping root file system
[    7.007372] EXT4-fs (sda1): mounted filesystem with ordered data mode. Opts: (null)
done.
Begin: Running /scripts/local-bottom ... done.
Begin: Running /scripts/init-bottom ... done.
[    7.784933] ip_tables: (C) 2000-2006 Netfilter Core Team
[    7.842167] systemd[1]: systemd 237 running in system mode. (+PAM +AUDIT +SELINUX +IMA +APPARMOR +SMACK +SYSVINIT +UTMP +LIBCRYPTSETUP +GCRYPT +GNUTLS +ACL +XZ +LZ4 +SECCOMP +BLKID +ELFUTILS +KMOD -IDN2 +IDN -PCRE2 default-hierarchy=hybrid)
[    7.850986] systemd[1]: Detected virtualization oracle.
[    7.852041] systemd[1]: Detected architecture x86-64.

Welcome to [1mUbuntu 18.04.3 LTS[0m!

[    7.892038] systemd[1]: Set hostname to <ci-machine>.
[    9.030401] random: crng init done
[    9.032964] random: 7 urandom warning(s) missed due to ratelimiting
[    9.222009] systemd[1]: Created slice User and Session Slice.
[[0;32m  OK  [0m] Created slice User and Session Slice.
[    9.236105] systemd[1]: Reached target User and Group Name Lookups.
[[0;32m  OK  [0m] Reached target User and Group Name Lookups.
[    9.237933] systemd[1]: Set up automount Arbitrary Executable File Formats File System Automount Point.
[[0;32m  OK  [0m] Set up automount Arbitrary Executab…rmats File System Automount Point.
[    9.240686] systemd[1]: Created slice System Slice.
[[0;32m  OK  [0m] Created slice System Slice.
[    9.242142] systemd[1]: Listening on udev Kernel Socket.
[[0;32m  OK  [0m] Listening on udev Kernel Socket.
[    9.257525] systemd[1]: Listening on Device-mapper event daemon FIFOs.
[[0;32m  OK  [0m] Listening on Device-mapper event daemon FIFOs.
[[0;32m  OK  [0m] Listening on Syslog Socket.
[[0;32m  OK  [0m] Listening on Journal Audit Socket.
[[0;32m  OK  [0m] Reached target Swap.
[[0;32m  OK  [0m] Listening on Journal Socket (/dev/log).
[[0;32m  OK  [0m] Listening on udev Control Socket.
[[0;32m  OK  [0m] Listening on LVM2 metadata daemon socket.
[[0;32m  OK  [0m] Started Forward Password Requests to Wall Directory Watch.
[[0;32m  OK  [0m] Listening on /dev/initctl Compatibility Named Pipe.
[[0;32m  OK  [0m] Reached target Slices.
[[0;32m  OK  [0m] Reached target System Time Synchronized.
[[0;32m  OK  [0m] Listening on Network Service Netlink Socket.
[[0;32m  OK  [0m] Listening on LVM2 poll daemon socket.
[[0;32m  OK  [0m] Created slice system-serial\x2dgetty.slice.
[[0;32m  OK  [0m] Listening on Journal Socket.
         Starting Create list of required st…ce nodes for the current kernel...
         Mounting Huge Pages File System...
         Starting Set the console keyboard layout...
         Mounting Kernel Debug File System...
         Starting Uncomplicated firewall...
         Starting Monitoring of LVM2 mirrors…ng dmeventd or progress polling...
         Starting Load Kernel Modules...
         Mounting POSIX Message Queue File System...
         Starting Journal Service...
         Starting udev Coldplug all Devices...
         Starting Remount Root and Kernel File Systems...
[[0;32m  OK  [0m] Started Create list of required sta…vice nodes for the current kernel.
[[0;32m  OK  [0m] Mounted Huge Pages File System.
[[0;32m  OK  [0m] Mounted Kernel Debug File System.
[[0;32m  OK  [0m] Started Uncomplicated firewall.
[[0;32m  OK  [0m] Mounted POSIX Message Queue File System.
         Starting Create Static Device Nodes in /dev...
[[0;32m  OK  [0m] Started udev Coldplug all Devices.
[    9.611699] Loading iSCSI transport class v2.0-870.
[    9.617635] iscsi: registered transport (tcp)
[[0;32m  OK  [0m] Started Journal Service.
[    9.685095] EXT4-fs (sda1): re-mounted. Opts: (null)
[[0;32m  OK  [0m] Started Remount Root and Kernel File Systems.
         Starting Load/Save Random Seed...
[    9.746253] iscsi: registered transport (iser)
         Starting Flush Journal to Persistent Storage...
[[0;32m  OK  [0m] Started Set the console keyboard layout.
[[0;32m  OK  [0m] Started Load Kernel Modules.
[[0;32m  OK  [0m] Started Load/Save Random Seed.
[[0;32m  OK  [0m] Started Create Static Device Nodes in /dev.
[[0;32m  OK  [0m] Started LVM2 metadata daemon.
         Starting udev Kernel Device Manager...
         Mounting FUSE Control File System...
         Mounting Kernel Configuration File System...
         Starting Apply Kernel Variables...
[[0;32m  OK  [0m] Mounted FUSE Control File System.
[[0;32m  OK  [0m] Mounted Kernel Configuration File System.
[    9.912213] systemd-journald[398]: Received request to flush runtime journal from PID 1
[[0;32m  OK  [0m] Started Monitoring of LVM2 mirrors,…sing dmeventd or progress polling.
[[0;32m  OK  [0m] Reached target Local File Systems (Pre).
[[0;32m  OK  [0m] Reached target Local File Systems.
         Starting AppArmor initialization...
         Starting Set console font and keymap...
         Starting ebtables ruleset management...
         Starting Tell Plymouth To Write Out Runtime Data...
[[0;32m  OK  [0m] Started udev Kernel Device Manager.
[[0;32m  OK  [0m] Started Dispatch Password Requests to Console Directory Watch.
[[0;32m  OK  [0m] Reached target Local Encrypted Volumes.
[[0;32m  OK  [0m] Started Set console font and keymap.
[[0;32m  OK  [0m] Started Tell Plymouth To Write Out Runtime Data.
[[0;32m  OK  [0m] Started Apply Kernel Variables.
[[0;32m  OK  [0m] Found device /dev/ttyS0.
[[0;32m  OK  [0m] Listening on Load/Save RF Kill Switch Status /dev/rfkill Watch.
[[0;32m  OK  [0m] Started ebtables ruleset management.
[[0;32m  OK  [0m] Started Flush Journal to Persistent Storage.
         Starting Create Volatile Files and Directories...
[[0;32m  OK  [0m] Started Create Volatile Files and Directories.
         Starting Update UTMP about System Boot/Shutdown...
[[0;32m  OK  [0m] Started Update UTMP about System Boot/Shutdown.
[[0;32m  OK  [0m] Started AppArmor initialization.
         Starting Initial cloud-init job (pre-networking)...
[   14.938860] cloud-init[540]: Cloud-init v. 19.2-36-g059d049c-0ubuntu2~18.04.1 running 'init-local' at Thu, 21 Nov 2019 13:54:44 +0000. Up 14.54 seconds.
[[0;32m  OK  [0m] Started Initial cloud-init job (pre-networking).
[[0;32m  OK  [0m] Reached target Network (Pre).
         Starting Network Service...
[[0;32m  OK  [0m] Started Network Service.
         Starting Wait for Network to be Configured...
         Starting Network Name Resolution...
[[0;32m  OK  [0m] Started Network Name Resolution.
[[0;32m  OK  [0m] Reached target Network.
[[0;32m  OK  [0m] Reached target Host and Network Name Lookups.
[[0;32m  OK  [0m] Started Wait for Network to be Configured.
         Starting Initial cloud-init job (metadata service crawler)...
[   17.788268] cloud-init[662]: Cloud-init v. 19.2-36-g059d049c-0ubuntu2~18.04.1 running 'init' at Thu, 21 Nov 2019 13:54:47 +0000. Up 17.56 seconds.
[   17.789883] cloud-init[662]: ci-info: ++++++++++++++++++++++++++++++++++++Net device info++++++++++++++++++++++++++++++++++++
[   17.790691] cloud-init[662]: ci-info: +--------+------+------------------------+---------------+--------+-------------------+
[   17.804655] cloud-init[662]: ci-info: | Device |  Up  |        Address         |      Mask     | Scope  |     Hw-Address    |
[   17.820660] cloud-init[662]: ci-info: +--------+------+------------------------+---------------+--------+-------------------+
[   17.821905] cloud-init[662]: ci-info: | enp0s3 | True |       10.0.2.15        | 255.255.255.0 | global | 02:00:53:70:0f:50 |
[   17.822819] cloud-init[662]: ci-info: | enp0s3 | True | fe80::53ff:fe70:f50/64 |       .       |  link  | 02:00:53:70:0f:50 |
[   17.824148] cloud-init[662]: ci-info: |   lo   | True |       127.0.0.1        |   255.0.0.0   |  host  |         .         |
[   17.825043] cloud-init[662]: ci-info: |   lo   | True |        ::1/128         |       .       |  host  |         .         |
[   17.826437] cloud-init[662]: ci-info: +--------+------+------------------------+---------------+--------+-------------------+
[   17.836856] cloud-init[662]: ci-info: ++++++++++++++++++++++++++++Route IPv4 info+++++++++++++++++++++++++++++
[   17.837775] cloud-init[662]: ci-info: +-------+-------------+----------+-----------------+-----------+-------+
[   17.838496] cloud-init[662]: ci-info: | Route | Destination | Gateway  |     Genmask     | Interface | Flags |
[   17.839823] cloud-init[662]: ci-info: +-------+-------------+----------+-----------------+-----------+-------+
[   17.841098] cloud-init[662]: ci-info: |   0   |   0.0.0.0   | 10.0.2.2 |     0.0.0.0     |   enp0s3  |   UG  |
[   17.842354] cloud-init[662]: ci-info: |   1   |   10.0.2.0  | 0.0.0.0  |  255.255.255.0  |   enp0s3  |   U   |
[   17.843601] cloud-init[662]: ci-info: |   2   |   10.0.2.2  | 0.0.0.0  | 255.255.255.255 |   enp0s3  |   UH  |
[   17.844846] cloud-init[662]: ci-info: +-------+-------------+----------+-----------------+-----------+-------+
[   17.846087] cloud-init[662]: ci-info: +++++++++++++++++++Route IPv6 info+++++++++++++++++++
[   17.847145] cloud-init[662]: ci-info: +-------+-------------+---------+-----------+-------+
[   17.848195] cloud-init[662]: ci-info: | Route | Destination | Gateway | Interface | Flags |
[   17.849187] cloud-init[662]: ci-info: +-------+-------------+---------+-----------+-------+
[   17.850190] cloud-init[662]: ci-info: |   1   |  fe80::/64  |    ::   |   enp0s3  |   U   |
[   17.851153] cloud-init[662]: ci-info: |   3   |    local    |    ::   |   enp0s3  |   U   |
[   17.852122] cloud-init[662]: ci-info: |   4   |   ff00::/8  |    ::   |   enp0s3  |   U   |
[   17.853029] cloud-init[662]: ci-info: +-------+-------------+---------+-----------+-------+
[[0;32m  OK  [0m] Started Initial cloud-init job (metadata service crawler).
[[0;32m  OK  [0m] Reached target Network is Online.
         Starting Availability of block devices...
[[0;32m  OK  [0m] Reached target Remote File Systems (Pre).
[[0;32m  OK  [0m] Reached target Remote File Systems.
[[0;32m  OK  [0m] Reached target Cloud-config availability.
[[0;32m  OK  [0m] Reached target System Initialization.
[[0;32m  OK  [0m] Started ACPI Events Check.
         Starting LXD - unix socket.
[[0;32m  OK  [0m] Listening on D-Bus System Message Bus Socket.
[[0;32m  OK  [0m] Listening on ACPID Listen Socket.
         Starting Docker Socket for the API.
[[0;32m  OK  [0m] Started Daily apt download activities.
[[0;32m  OK  [0m] Started Daily apt upgrade and clean activities.
[[0;32m  OK  [0m] Reached target Paths.
[[0;32m  OK  [0m] Started Message of the Day.
[[0;32m  OK  [0m] Started Daily Cleanup of Temporary Directories.
[[0;32m  OK  [0m] Started Discard unused blocks once a week.
[[0;32m  OK  [0m] Reached target Timers.
[[0;32m  OK  [0m] Listening on UUID daemon activation socket.
         Starting Socket activation for snappy daemon.
[[0;32m  OK  [0m] Listening on Open-iSCSI iscsid Socket.
[[0;32m  OK  [0m] Started Availability of block devices.
[[0;32m  OK  [0m] Listening on LXD - unix socket.
[[0;32m  OK  [0m] Listening on Docker Socket for the API.
[[0;32m  OK  [0m] Listening on Socket activation for snappy daemon.
[[0;32m  OK  [0m] Reached target Sockets.
[[0;32m  OK  [0m] Reached target Basic System.
[[0;32m  OK  [0m] Started FUSE filesystem for LXC.
         Starting containerd container runtime...
         Starting System Logging Service...
         Starting LSB: automatic crash report generation...
         Starting Permit User Sessions...
         Starting Dispatcher daemon for systemd-networkd...
         Starting Virtualbox guest utils...
[[0;32m  OK  [0m] Started Deferred execution scheduler.
         Starting Snappy daemon...
         Starting Login Service...
         Starting LSB: Record successful boot for GRUB...
[[0;32m  OK  [0m] Started irqbalance daemon.
         Starting Accounts Service...
         Starting OpenBSD Secure Shell server...
[[0;32m  OK  [0m] Started D-Bus System Message Bus.
[[0;32m  OK  [0m] Started Login Service.
[[0;32m  OK  [0m] Started Unattended Upgrades Shutdown.
[[0;32m  OK  [0m] Started Regular background program processing daemon.
         Starting LXD - container startup/shutdown...
[[0;32m  OK  [0m] Started System Logging Service.
[[0;32m  OK  [0m] Started containerd container runtime.
[[0;32m  OK  [0m] Started Permit User Sessions.
         Starting Hold until boot process finishes up...
         Starting Terminate Plymouth Boot Screen...
         Starting Docker Application Container Engine...
[[0;32m  OK  [0m] Started Hold until boot process finishes up.
[[0;32m  OK  [0m] Started Serial Getty on ttyS0.
         Starting Set console scheme...
[[0;32m  OK  [0m] Started Terminate Plymouth Boot Screen.
[[0;32m  OK  [0m] Started Set console scheme.
[[0;32m  OK  [0m] Created slice system-getty.slice.
[[0;32m  OK  [0m] Started Getty on tty1.
[[0;32m  OK  [0m] Reached target Login Prompts.
[[0;32m  OK  [0m] Started Dispatcher daemon for systemd-networkd.
[[0;32m  OK  [0m] Started LSB: automatic crash report generation.
         Starting Authorization Manager...
[[0;32m  OK  [0m] Started LSB: Record successful boot for GRUB.
[[0;32m  OK  [0m] Started Authorization Manager.
[[0;32m  OK  [0m] Started Accounts Service.
[[0;32m  OK  [0m] Started Virtualbox guest utils.
[[0;32m  OK  [0m] Started OpenBSD Secure Shell server.
[[0;32m  OK  [0m] Started Snappy daemon.
         Starting Wait until snapd is fully seeded...
[[0;32m  OK  [0m] Started Wait until snapd is fully seeded.
         Starting Apply the settings specified in cloud-config...
[[0;32m  OK  [0m] Created slice User Slice of vagrant.
[   26.064292] cloud-init[1229]: Cloud-init v. 19.2-36-g059d049c-0ubuntu2~18.04.1 running 'modules:config' at Thu, 21 Nov 2019 13:54:54 +0000. Up 25.08 seconds.

Ubuntu 18.04.3 LTS ci-machine ttyS0

ci-machine login: [   33.087661] cloud-init[1743]: Cloud-init v. 19.2-36-g059d049c-0ubuntu2~18.04.1 running 'modules:final' at Thu, 21 Nov 2019 13:55:02 +0000. Up 32.90 seconds.
[   33.087786] cloud-init[1743]: Cloud-init v. 19.2-36-g059d049c-0ubuntu2~18.04.1 finished at Thu, 21 Nov 2019 13:55:02 +0000. Datasource DataSourceNoCloud [seed=/dev/sdb][dsmode=net].  Up 33.07 seconds
